<?xml version="1.0" encoding="UTF-8"?>
<testsuite name="com.ddarahakit.jenkinstest.JenkinsTestApplicationTests" tests="1" skipped="0" failures="0" errors="0" timestamp="2022-05-16T07:10:12" hostname="DESKTOP-4V29HN7" time="0.809">
  <properties/>
  <testcase name="contextLoads()" classname="com.ddarahakit.jenkinstest.JenkinsTestApplicationTests" time="0.809"/>
  <system-out><![CDATA[16:10:09.213 [Test worker] DEBUG org.springframework.test.context.BootstrapUtils - Instantiating CacheAwareContextLoaderDelegate from class [org.springframework.test.context.cache.DefaultCacheAwareContextLoaderDelegate]
16:10:09.250 [Test worker] DEBUG org.springframework.test.context.BootstrapUtils - Instantiating BootstrapContext using constructor [public org.springframework.test.context.support.DefaultBootstrapContext(java.lang.Class,org.springframework.test.context.CacheAwareContextLoaderDelegate)]
16:10:09.334 [Test worker] DEBUG org.springframework.test.context.BootstrapUtils - Instantiating TestContextBootstrapper for test class [com.ddarahakit.jenkinstest.JenkinsTestApplicationTests] from class [org.springframework.boot.test.context.SpringBootTestContextBootstrapper]
16:10:09.360 [Test worker] INFO org.springframework.boot.test.context.SpringBootTestContextBootstrapper - Neither @ContextConfiguration nor @ContextHierarchy found for test class [com.ddarahakit.jenkinstest.JenkinsTestApplicationTests], using SpringBootContextLoader
16:10:09.368 [Test worker] DEBUG org.springframework.test.context.support.AbstractContextLoader - Did not detect default resource location for test class [com.ddarahakit.jenkinstest.JenkinsTestApplicationTests]: class path resource [com/ddarahakit/jenkinstest/JenkinsTestApplicationTests-context.xml] does not exist
16:10:09.369 [Test worker] DEBUG org.springframework.test.context.support.AbstractContextLoader - Did not detect default resource location for test class [com.ddarahakit.jenkinstest.JenkinsTestApplicationTests]: class path resource [com/ddarahakit/jenkinstest/JenkinsTestApplicationTestsContext.groovy] does not exist
16:10:09.370 [Test worker] INFO org.springframework.test.context.support.AbstractContextLoader - Could not detect default resource locations for test class [com.ddarahakit.jenkinstest.JenkinsTestApplicationTests]: no resource found for suffixes {-context.xml, Context.groovy}.
16:10:09.371 [Test worker] INFO org.springframework.test.context.support.AnnotationConfigContextLoaderUtils - Could not detect default configuration classes for test class [com.ddarahakit.jenkinstest.JenkinsTestApplicationTests]: JenkinsTestApplicationTests does not declare any static, non-private, non-final, nested classes annotated with @Configuration.
16:10:09.467 [Test worker] DEBUG org.springframework.test.context.support.ActiveProfilesUtils - Could not find an 'annotation declaring class' for annotation type [org.springframework.test.context.ActiveProfiles] and class [com.ddarahakit.jenkinstest.JenkinsTestApplicationTests]
16:10:09.606 [Test worker] DEBUG org.springframework.context.annotation.ClassPathScanningCandidateComponentProvider - Identified candidate component class: file [D:\portfolio\jenkins-test\build\classes\java\main\com\ddarahakit\jenkinstest\JenkinsTestApplication.class]
16:10:09.608 [Test worker] INFO org.springframework.boot.test.context.SpringBootTestContextBootstrapper - Found @SpringBootConfiguration com.ddarahakit.jenkinstest.JenkinsTestApplication for test class com.ddarahakit.jenkinstest.JenkinsTestApplicationTests
16:10:09.838 [Test worker] DEBUG org.springframework.boot.test.context.SpringBootTestContextBootstrapper - @TestExecutionListeners is not present for class [com.ddarahakit.jenkinstest.JenkinsTestApplicationTests]: using defaults.
16:10:09.840 [Test worker] INFO org.springframework.boot.test.context.SpringBootTestContextBootstrapper - Loaded default TestExecutionListener class names from location [META-INF/spring.factories]: [org.springframework.boot.test.autoconfigure.restdocs.RestDocsTestExecutionListener, org.springframework.boot.test.autoconfigure.web.client.MockRestServiceServerResetTestExecutionListener, org.springframework.boot.test.autoconfigure.web.servlet.MockMvcPrintOnlyOnFailureTestExecutionListener, org.springframework.boot.test.autoconfigure.web.servlet.WebDriverTestExecutionListener, org.springframework.boot.test.autoconfigure.webservices.client.MockWebServiceServerTestExecutionListener, org.springframework.boot.test.mock.mockito.MockitoTestExecutionListener, org.springframework.boot.test.mock.mockito.ResetMocksTestExecutionListener, org.springframework.test.context.web.ServletTestExecutionListener, org.springframework.test.context.support.DirtiesContextBeforeModesTestExecutionListener, org.springframework.test.context.event.ApplicationEventsTestExecutionListener, org.springframework.test.context.support.DependencyInjectionTestExecutionListener, org.springframework.test.context.support.DirtiesContextTestExecutionListener, org.springframework.test.context.transaction.TransactionalTestExecutionListener, org.springframework.test.context.jdbc.SqlScriptsTestExecutionListener, org.springframework.test.context.event.EventPublishingTestExecutionListener]
16:10:09.881 [Test worker] DEBUG org.springframework.boot.test.context.SpringBootTestContextBootstrapper - Skipping candidate TestExecutionListener [org.springframework.test.context.transaction.TransactionalTestExecutionListener] due to a missing dependency. Specify custom listener classes or make the default listener classes and their required dependencies available. Offending class: [org/springframework/transaction/TransactionDefinition]
16:10:09.882 [Test worker] DEBUG org.springframework.boot.test.context.SpringBootTestContextBootstrapper - Skipping candidate TestExecutionListener [org.springframework.test.context.jdbc.SqlScriptsTestExecutionListener] due to a missing dependency. Specify custom listener classes or make the default listener classes and their required dependencies available. Offending class: [org/springframework/transaction/interceptor/TransactionAttribute]
16:10:09.883 [Test worker] INFO org.springframework.boot.test.context.SpringBootTestContextBootstrapper - Using TestExecutionListeners: [org.springframework.test.context.web.ServletTestExecutionListener@5707c1cb, org.springframework.test.context.support.DirtiesContextBeforeModesTestExecutionListener@2b5cb9b2, org.springframework.test.context.event.ApplicationEventsTestExecutionListener@35038141, org.springframework.boot.test.mock.mockito.MockitoTestExecutionListener@ecf9049, org.springframework.boot.test.autoconfigure.SpringBootDependencyInjectionTestExecutionListener@672f11c2, org.springframework.test.context.support.DirtiesContextTestExecutionListener@2970a5bc, org.springframework.test.context.event.EventPublishingTestExecutionListener@50305a, org.springframework.boot.test.autoconfigure.restdocs.RestDocsTestExecutionListener@72efb5c1, org.springframework.boot.test.autoconfigure.web.client.MockRestServiceServerResetTestExecutionListener@6d511b5f, org.springframework.boot.test.autoconfigure.web.servlet.MockMvcPrintOnlyOnFailureTestExecutionListener@41200e0c, org.springframework.boot.test.autoconfigure.web.servlet.WebDriverTestExecutionListener@40f33492, org.springframework.boot.test.autoconfigure.webservices.client.MockWebServiceServerTestExecutionListener@4fbdc0f0, org.springframework.boot.test.mock.mockito.ResetMocksTestExecutionListener@2ad3a1bb]
16:10:09.892 [Test worker] DEBUG org.springframework.test.context.support.AbstractDirtiesContextTestExecutionListener - Before test class: context [DefaultTestContext@71e9a896 testClass = JenkinsTestApplicationTests, testInstance = [null], testMethod = [null], testException = [null], mergedContextConfiguration = [WebMergedContextConfiguration@6b9267b testClass = JenkinsTestApplicationTests, locations = '{}', classes = '{class com.ddarahakit.jenkinstest.JenkinsTestApplication}', contextInitializerClasses = '[]', activeProfiles = '{}', propertySourceLocations = '{}', propertySourceProperties = '{org.springframework.boot.test.context.SpringBootTestContextBootstrapper=true}', contextCustomizers = set[org.springframework.boot.test.autoconfigure.actuate.metrics.MetricsExportContextCustomizerFactory$DisableMetricExportContextCustomizer@47c4ecdc, org.springframework.boot.test.autoconfigure.properties.PropertyMappingContextCustomizer@0, org.springframework.boot.test.autoconfigure.web.servlet.WebDriverContextCustomizerFactory$Customizer@758a34ce, org.springframework.boot.test.context.filter.ExcludeFilterContextCustomizer@5644dc81, org.springframework.boot.test.json.DuplicateJsonObjectContextCustomizerFactory$DuplicateJsonObjectContextCustomizer@4351c8c3, org.springframework.boot.test.mock.mockito.MockitoContextCustomizer@0, org.springframework.boot.test.web.client.TestRestTemplateContextCustomizer@476b0ae6, org.springframework.boot.test.context.SpringBootTestArgs@1, org.springframework.boot.test.context.SpringBootTestWebEnvironment@24959ca4], resourceBasePath = 'src/main/webapp', contextLoader = 'org.springframework.boot.test.context.SpringBootContextLoader', parent = [null]], attributes = map['org.springframework.test.context.web.ServletTestExecutionListener.activateListener' -> true]], class annotated with @DirtiesContext [false] with mode [null].

  .   ____          _            __ _ _
 /\\ / ___'_ __ _ _(_)_ __  __ _ \ \ \ \
( ( )\___ | '_ | '_| | '_ \/ _` | \ \ \ \
 \\/  ___)| |_)| | | | | || (_| |  ) ) ) )
  '  |____| .__|_| |_|_| |_\__, | / / / /
 =========|_|==============|___/=/_/_/_/
 :: Spring Boot ::                (v2.6.7)

2022-05-16 16:10:10.497  INFO 214360 --- [    Test worker] c.d.j.JenkinsTestApplicationTests        : Starting JenkinsTestApplicationTests using Java 11.0.2 on DESKTOP-4V29HN7 with PID 214360 (started by wnsqh in D:\portfolio\jenkins-test)
2022-05-16 16:10:10.500  INFO 214360 --- [    Test worker] c.d.j.JenkinsTestApplicationTests        : No active profile set, falling back to 1 default profile: "default"
2022-05-16 16:10:12.958  INFO 214360 --- [    Test worker] c.d.j.JenkinsTestApplicationTests        : Started JenkinsTestApplicationTests in 2.971 seconds (JVM running for 8.563)
]]></system-out>
  <system-err><![CDATA[]]></system-err>
</testsuite>
